Aug-04 15:09:50.357 [main] DEBUG nextflow.cli.Launcher - $> nextflow test2.nf
Aug-04 15:09:50.422 [main] INFO  nextflow.cli.CmdRun - N E X T F L O W  ~  version 22.04.5
Aug-04 15:09:50.472 [main] DEBUG nextflow.cli.CmdRun - Applied DSL=2 by global default
Aug-04 15:09:50.486 [main] INFO  nextflow.cli.CmdRun - Launching `test2.nf` [angry_bassi] DSL2 - revision: f5bbacfe08
Aug-04 15:09:50.495 [main] DEBUG nextflow.plugin.PluginsFacade - Setting up plugin manager > mode=prod; plugins-dir=/Users/oakley/.nextflow/plugins; core-plugins: nf-amazon@1.7.2,nf-azure@0.13.2,nf-console@1.0.3,nf-ga4gh@1.0.3,nf-google@1.1.4,nf-sqldb@0.4.0,nf-tower@1.4.0
Aug-04 15:09:50.497 [main] DEBUG nextflow.plugin.PluginsFacade - Plugins default=[]
Aug-04 15:09:50.505 [main] INFO  org.pf4j.DefaultPluginStatusProvider - Enabled plugins: []
Aug-04 15:09:50.505 [main] INFO  org.pf4j.DefaultPluginStatusProvider - Disabled plugins: []
Aug-04 15:09:50.508 [main] INFO  org.pf4j.DefaultPluginManager - PF4J version 3.4.1 in 'deployment' mode
Aug-04 15:09:50.514 [main] INFO  org.pf4j.AbstractPluginManager - No plugins
Aug-04 15:09:50.561 [main] DEBUG nextflow.Session - Session uuid: e67260bf-de0d-45d7-b1a7-88fb5984399f
Aug-04 15:09:50.561 [main] DEBUG nextflow.Session - Run name: angry_bassi
Aug-04 15:09:50.562 [main] DEBUG nextflow.Session - Executor pool size: 4
Aug-04 15:09:50.583 [main] DEBUG nextflow.cli.CmdRun - 
  Version: 22.04.5 build 5708
  Created: 15-07-2022 16:09 UTC (09:09 PDT)
  System: Mac OS X 12.5
  Runtime: Groovy 3.0.10 on OpenJDK 64-Bit Server VM 17.0.3+7-LTS
  Encoding: UTF-8 (UTF-8)
  Process: 10360@eemb-micro-room.eemb.ucsb.edu [128.111.226.149]
  CPUs: 4 - Mem: 64 GB (17.1 GB) - Swap: 0 (0)
Aug-04 15:09:50.594 [main] DEBUG nextflow.Session - Work-dir: /Users/oakley/Documents/GitHub/WALL-E/nextflow/work [Mac OS X]
Aug-04 15:09:50.595 [main] DEBUG nextflow.Session - Script base path does not exist or is not a directory: /Users/oakley/Documents/GitHub/WALL-E/nextflow/bin
Aug-04 15:09:50.601 [main] DEBUG nextflow.executor.ExecutorFactory - Extension executors providers=[]
Aug-04 15:09:50.609 [main] DEBUG nextflow.Session - Observer factory: DefaultObserverFactory
Aug-04 15:09:50.623 [main] DEBUG nextflow.cache.CacheFactory - Using Nextflow cache factory: nextflow.cache.DefaultCacheFactory
Aug-04 15:09:50.630 [main] DEBUG nextflow.util.CustomThreadPool - Creating default thread pool > poolSize: 5; maxThreads: 1000
Aug-04 15:09:50.679 [main] DEBUG nextflow.Session - Session start invoked
Aug-04 15:09:51.098 [main] DEBUG nextflow.script.ScriptRunner - > Launching execution
Aug-04 15:09:51.181 [main] DEBUG nextflow.executor.ExecutorFactory - << taskConfig executor: null
Aug-04 15:09:51.181 [main] DEBUG nextflow.executor.ExecutorFactory - >> processorType: 'local'
Aug-04 15:09:51.184 [main] DEBUG nextflow.executor.Executor - [warm up] executor > local
Aug-04 15:09:51.188 [main] DEBUG n.processor.LocalPollingMonitor - Creating local task monitor for executor 'local' > cpus=4; memory=64 GB; capacity=4; pollInterval=100ms; dumpInterval=5m
Aug-04 15:09:51.279 [main] DEBUG nextflow.Session - Workflow process names [dsl2]: splitSequences
Aug-04 15:09:51.280 [main] DEBUG nextflow.Session - Ignite dataflow network (1)
Aug-04 15:09:51.280 [main] DEBUG nextflow.processor.TaskProcessor - Starting process > splitSequences
Aug-04 15:09:51.280 [main] DEBUG nextflow.script.ScriptRunner - > Await termination 
Aug-04 15:09:51.280 [main] DEBUG nextflow.Session - Session await
Aug-04 15:09:51.372 [Task submitter] DEBUG nextflow.executor.LocalTaskHandler - Launch cmd line: /bin/bash -ue .command.run
Aug-04 15:09:51.376 [Task submitter] INFO  nextflow.Session - [ca/62dd09] Submitted process > splitSequences
Aug-04 15:09:51.436 [Task monitor] DEBUG n.processor.TaskPollingMonitor - Task completed > TaskHandler[id: 1; name: splitSequences; status: COMPLETED; exit: 0; error: -; workDir: /Users/oakley/Documents/GitHub/WALL-E/nextflow/work/ca/62dd0995f3ac74c6a22af6027ed4a6]
Aug-04 15:09:51.442 [main] DEBUG nextflow.Session - Session await > all process finished
Aug-04 15:09:51.535 [main] DEBUG nextflow.Session - Session await > all barriers passed
Aug-04 15:09:51.539 [main] DEBUG nextflow.trace.WorkflowStatsObserver - Workflow completed > WorkflowStats[succeededCount=1; failedCount=0; ignoredCount=0; cachedCount=0; pendingCount=0; submittedCount=0; runningCount=0; retriesCount=0; abortedCount=0; succeedDuration=39ms; failedDuration=0ms; cachedDuration=0ms;loadCpus=0; loadMemory=0; peakRunning=1; peakCpus=1; peakMemory=0; ]
Aug-04 15:09:51.742 [main] DEBUG nextflow.cache.CacheDB - Closing CacheDB done
Aug-04 15:09:51.754 [main] DEBUG nextflow.script.ScriptRunner - > Execution complete -- Goodbye
