This is METAFONT, Version 2.7182818 (TeX Live 2019) (preloaded base=mf 2019.5.8)  4 JUN 2022 20:01
**find_checkerboard.py archive/
(find_checkerboard.py
! Extra tokens will be flushed.
<to be read again> 
                   (
l.5 ap = argparse.ArgumentParser(
                                 )
? ls
Type <return> to proceed, S to scroll future error messages,
R to run without stopping, Q to run quietly,
I to insert something, E to edit your file,
1 or ... or 9 to ignore the next 1 to 9 tokens of input,
H for help, X to quit.
? 
! Interruption.
l.5 ap = argparse.ArgumentParser(
                                 )
? h
You rang?
Try to insert some instructions for me (e.g.,`I show x'),
unless you just want to quit by typing `X'.

? q
OK, entering batchmode...
)
! File ended while scanning to the end of the statement.
<inserted text> 
                ;
<*> find_checkerboard.py
                         archive/
A previous error seems to have propagated,
causing me to read past where you wanted me to stop.
I'll try to recover; but if the error is serious,
you'd better type `E' or `X' now and fix your file.

! Emergency stop.
<*> find_checkerboard.py archive/
                                 
*** (job aborted, no legal end found)


